2019/01/12 15:33:32 [Server] Starting 
2019/01/12 15:33:32 [Initial] Version: 460.1540354032, HttpServerPort: 2324, TcpServerPort: 2323, DeveloperTrace: Single, DebugMode: True, TracePrint: True, ClientTrace: False, EnableStackView: True, SessionTimeOut: 1800, MirrorPatternMaxVerifyTimes: 3, RelativeScreen: True, TextFontScaling: True, IsSysLog: False
        BasePath: E:\study\SmobilerApplication1\SmobilerApplication1\bin\Debug\
        DefaultImagePath: E:\study\SmobilerApplication1\SmobilerApplication1\bin\Debug\Resources\Image
        DefaultAudioPath: E:\study\SmobilerApplication1\SmobilerApplication1\bin\Debug\Resources\Audio
        DefaultDocumentPath: E:\study\SmobilerApplication1\SmobilerApplication1\bin\Debug\Resources\Document
        DefaultUploadPath: E:\study\SmobilerApplication1\SmobilerApplication1\bin\Debug\Resources\Upload
        DefaultMediaPath: E:\study\SmobilerApplication1\SmobilerApplication1\bin\Debug\Resources\Media
        DefaultWebPath: E:\study\SmobilerApplication1\SmobilerApplication1\bin\Debug\Resources\Web
 
2019/01/12 15:33:33 [Server] Started 
2019/01/12 15:33:33 [AutoSet] Start 
2019/01/12 15:33:45 [192.168.0.162:52478] ClientAccept 
2019/01/12 15:33:45 [192.168.0.162:52478] Client HandShake 
2019/01/12 15:33:45 [A0000056B6B7A4] STTP-NewClient 
2019/01/12 15:33:46 [192.168.0.162-A0000056B6B7A4] {"deviceOS":"Android","deviceOSVersion":"7.1.1","deviceModel":"NX563J","screenSize":{"width":1080,"height":1920},"density":3.0,"version":"4.6.0","coreVersion":"4.6.0","autoBuild":false,"isCompany":true} 
2019/01/12 15:33:46 [A0000056B6B7A4] OnStart-Starting with NewClient -  
2019/01/12 15:33:46 [A0000056B6B7A4] Show-SmobilerForm1 
2019/01/12 15:33:46 [A0000056B6B7A4] OnStart-Started with NewClient 
2019/01/12 15:34:25 [Server] Stoping 
2019/01/12 15:34:25 [A0000056B6B7A4] OnStop-Stoping-StopServer-True-- 
2019/01/12 15:34:25 [TcpAccept-EX] 无法访问已释放的对象。
对象名:“System.Net.Sockets.Socket”。 
2019/01/12 15:34:25 [A0000056B6B7A4] OnStop-Stoped 
2019/01/12 15:34:30 [Purging-EX] 正在中止线程。 
2019/01/12 15:34:30 [Server] Stoped 
2019/01/12 15:34:30 [AutoSet] Stop 
2019/01/12 15:34:30 [Server] Stoping 
2019/01/12 15:34:30 [Server] Stoped 
2019/01/12 15:36:38 [Server] Starting 
2019/01/12 15:36:38 [Initial] Version: 460.1540354032, HttpServerPort: 2324, TcpServerPort: 2323, DeveloperTrace: Single, DebugMode: True, TracePrint: True, ClientTrace: False, EnableStackView: True, SessionTimeOut: 1800, MirrorPatternMaxVerifyTimes: 3, RelativeScreen: True, TextFontScaling: True, IsSysLog: False
        BasePath: E:\study\SmobilerApplication1\SmobilerApplication1\bin\Debug\
        DefaultImagePath: E:\study\SmobilerApplication1\SmobilerApplication1\bin\Debug\Resources\Image
        DefaultAudioPath: E:\study\SmobilerApplication1\SmobilerApplication1\bin\Debug\Resources\Audio
        DefaultDocumentPath: E:\study\SmobilerApplication1\SmobilerApplication1\bin\Debug\Resources\Document
        DefaultUploadPath: E:\study\SmobilerApplication1\SmobilerApplication1\bin\Debug\Resources\Upload
        DefaultMediaPath: E:\study\SmobilerApplication1\SmobilerApplication1\bin\Debug\Resources\Media
        DefaultWebPath: E:\study\SmobilerApplication1\SmobilerApplication1\bin\Debug\Resources\Web
 
2019/01/12 15:36:38 [Server] Started 
2019/01/12 15:36:38 [AutoSet] Start 
2019/01/12 15:36:40 [192.168.0.162:52535] ClientAccept 
2019/01/12 15:36:41 [192.168.0.162:52535] Client HandShake 
2019/01/12 15:36:41 [A0000056B6B7A4] STTP-NewClient 
2019/01/12 15:36:41 [A0000056B6B7A4] ClientInfoRPC-False 
2019/01/12 15:36:41 [A0000056B6B7A4] OnStart-Starting with ClientInfoRPC -  
2019/01/12 15:36:41 [A0000056B6B7A4] Show-SmobilerForm1 
2019/01/12 15:36:41 [A0000056B6B7A4] OnStart-Started with ClientInfoRPC 
2019/01/12 15:37:19 [Server] Stoping 
2019/01/12 15:37:19 [A0000056B6B7A4] OnStop-Stoping-StopServer-True-- 
2019/01/12 15:37:19 [TcpAccept-EX] 无法访问已释放的对象。
对象名:“System.Net.Sockets.Socket”。 
2019/01/12 15:37:19 [A0000056B6B7A4] OnStop-Stoped 
2019/01/12 15:37:24 [Purging-EX] 正在中止线程。 
2019/01/12 15:37:24 [Server] Stoped 
2019/01/12 15:37:24 [AutoSet] Stop 
2019/01/12 15:37:24 [Server] Stoping 
2019/01/12 15:37:24 [Server] Stoped 
2019/01/12 15:40:36 [Server] Starting 
2019/01/12 15:40:36 [Initial] Version: 460.1540354032, HttpServerPort: 2324, TcpServerPort: 2323, DeveloperTrace: Single, DebugMode: True, TracePrint: True, ClientTrace: False, EnableStackView: True, SessionTimeOut: 1800, MirrorPatternMaxVerifyTimes: 3, RelativeScreen: True, TextFontScaling: True, IsSysLog: False
        BasePath: E:\study\SmobilerApplication1\SmobilerApplication1\bin\Debug\
        DefaultImagePath: E:\study\SmobilerApplication1\SmobilerApplication1\bin\Debug\Resources\Image
        DefaultAudioPath: E:\study\SmobilerApplication1\SmobilerApplication1\bin\Debug\Resources\Audio
        DefaultDocumentPath: E:\study\SmobilerApplication1\SmobilerApplication1\bin\Debug\Resources\Document
        DefaultUploadPath: E:\study\SmobilerApplication1\SmobilerApplication1\bin\Debug\Resources\Upload
        DefaultMediaPath: E:\study\SmobilerApplication1\SmobilerApplication1\bin\Debug\Resources\Media
        DefaultWebPath: E:\study\SmobilerApplication1\SmobilerApplication1\bin\Debug\Resources\Web
 
2019/01/12 15:40:36 [Server] Started 
2019/01/12 15:40:36 [AutoSet] Start 
2019/01/12 15:40:44 [192.168.0.162:52613] ClientAccept 
2019/01/12 15:40:44 [192.168.0.162:52613] Client HandShake 
2019/01/12 15:40:44 [A0000056B6B7A4] STTP-NewClient 
2019/01/12 15:40:44 [A0000056B6B7A4] ClientInfoRPC-False 
2019/01/12 15:40:44 [A0000056B6B7A4] OnStart-Starting with ClientInfoRPC -  
2019/01/12 15:40:44 [A0000056B6B7A4] Show-SmobilerForm1 
2019/01/12 15:40:44 [A0000056B6B7A4] OnStart-Started with ClientInfoRPC 
2019/01/12 15:41:04 [Server] Stoping 
2019/01/12 15:41:04 [A0000056B6B7A4] OnStop-Stoping-StopServer-True-- 
2019/01/12 15:41:04 [TcpAccept-EX] 无法访问已释放的对象。
对象名:“System.Net.Sockets.Socket”。 
2019/01/12 15:41:04 [A0000056B6B7A4] OnStop-Stoped 
2019/01/12 15:41:09 [Purging-EX] 正在中止线程。 
2019/01/12 15:41:09 [AutoSet] Stop 
2019/01/12 15:41:09 [Server] Stoping 
2019/01/12 15:41:09 [Server] Stoped 
2019/01/12 15:41:09 [Server] Stoped 
2019/01/12 15:42:48 [Server] Starting 
2019/01/12 15:42:49 [Initial] Version: 460.1540354032, HttpServerPort: 2324, TcpServerPort: 2323, DeveloperTrace: Single, DebugMode: True, TracePrint: True, ClientTrace: False, EnableStackView: True, SessionTimeOut: 1800, MirrorPatternMaxVerifyTimes: 3, RelativeScreen: True, TextFontScaling: True, IsSysLog: False
        BasePath: E:\study\SmobilerApplication1\SmobilerApplication1\bin\Debug\
        DefaultImagePath: E:\study\SmobilerApplication1\SmobilerApplication1\bin\Debug\Resources\Image
        DefaultAudioPath: E:\study\SmobilerApplication1\SmobilerApplication1\bin\Debug\Resources\Audio
        DefaultDocumentPath: E:\study\SmobilerApplication1\SmobilerApplication1\bin\Debug\Resources\Document
        DefaultUploadPath: E:\study\SmobilerApplication1\SmobilerApplication1\bin\Debug\Resources\Upload
        DefaultMediaPath: E:\study\SmobilerApplication1\SmobilerApplication1\bin\Debug\Resources\Media
        DefaultWebPath: E:\study\SmobilerApplication1\SmobilerApplication1\bin\Debug\Resources\Web
 
2019/01/12 15:42:49 [Server] Started 
2019/01/12 15:42:49 [AutoSet] Start 
2019/01/12 15:42:51 [192.168.0.162:52645] ClientAccept 
2019/01/12 15:42:51 [192.168.0.162:52645] Client HandShake 
2019/01/12 15:42:51 [A0000056B6B7A4] STTP-NewClient 
2019/01/12 15:42:51 [A0000056B6B7A4] ClientInfoRPC-False 
2019/01/12 15:42:51 [A0000056B6B7A4] OnStart-Starting with ClientInfoRPC -  
2019/01/12 15:42:51 [A0000056B6B7A4] Show-SmobilerForm1 
2019/01/12 15:42:52 [A0000056B6B7A4] OnStart-Started with ClientInfoRPC 
2019/01/12 15:43:01 [192.168.0.162:52681] ClientAccept 
2019/01/12 15:43:10 [Server] Stoping 
2019/01/12 15:43:10 [A0000056B6B7A4] OnStop-Stoping-StopServer-True-- 
2019/01/12 15:43:10 [TcpAccept-EX] 无法访问已释放的对象。
对象名:“System.Net.Sockets.Socket”。 
2019/01/12 15:43:10 [A0000056B6B7A4] OnStop-Stoped 
2019/01/12 15:43:15 [Purging-EX] 正在中止线程。 
2019/01/12 15:43:15 [Server] Stoped 
2019/01/12 15:43:15 [AutoSet] Stop 
2019/01/12 15:43:15 [Server] Stoping 
2019/01/12 15:43:15 [Server] Stoped 
